[21-Jul-2023 08:07:42 UTC] PHP Deprecated:  Required parameter $metabox_name follows optional parameter $page_id in /home/mabalgar/public_html/wp-content/plugins/azo-plugin/widgets/class-azo-widget-video-product.php on line 73
[21-Jul-2023 08:07:43 UTC] PHP Deprecated:  Required parameter $comment follows optional parameter $args in /home/mabalgar/public_html/wp-content/themes/azo/modules/woocommerce/single-product/class-product-question.php on line 296
[21-Jul-2023 08:07:43 UTC] PHP Deprecated:  Required parameter $metabox_name follows optional parameter $page_id in /home/mabalgar/public_html/wp-content/themes/azo/inc/woocommerce/content-single-product.php on line 15
[21-Jul-2023 08:07:43 UTC] PHP Deprecated:  Required parameter $metabox_name follows optional parameter $page_id in /home/mabalgar/public_html/wp-content/plugins/azo-plugin/widgets/class-azo-widget-video-product.php on line 73
[21-Jul-2023 08:07:43 UTC] PHP Deprecated:  Required parameter $metabox_name follows optional parameter $page_id in /home/mabalgar/public_html/wp-content/plugins/azo-plugin/widgets/class-azo-widget-video-product.php on line 73
[21-Jul-2023 08:07:44 UTC] PHP Deprecated:  Required parameter $comment follows optional parameter $args in /home/mabalgar/public_html/wp-content/themes/azo/modules/woocommerce/single-product/class-product-question.php on line 296
[21-Jul-2023 08:07:44 UTC] PHP Deprecated:  Required parameter $metabox_name follows optional parameter $page_id in /home/mabalgar/public_html/wp-content/themes/azo/inc/woocommerce/content-single-product.php on line 15
[21-Jul-2023 08:07:44 UTC] PHP Deprecated:  Required parameter $comment follows optional parameter $args in /home/mabalgar/public_html/wp-content/themes/azo/modules/woocommerce/single-product/class-product-question.php on line 296
[21-Jul-2023 08:07:44 UTC] PHP Deprecated:  Required parameter $metabox_name follows optional parameter $page_id in /home/mabalgar/public_html/wp-content/themes/azo/inc/woocommerce/content-single-product.php on line 15
[21-Jul-2023 08:07:49 UTC] PHP Deprecated:  Required parameter $metabox_name follows optional parameter $page_id in /home/mabalgar/public_html/wp-content/plugins/azo-plugin/widgets/class-azo-widget-video-product.php on line 73
[21-Jul-2023 08:07:50 UTC] PHP Deprecated:  Required parameter $comment follows optional parameter $args in /home/mabalgar/public_html/wp-content/themes/azo/modules/woocommerce/single-product/class-product-question.php on line 296
[21-Jul-2023 08:07:50 UTC] PHP Deprecated:  Required parameter $metabox_name follows optional parameter $page_id in /home/mabalgar/public_html/wp-content/themes/azo/inc/woocommerce/content-single-product.php on line 15
[21-Jul-2023 08:07:51 UTC] PHP Deprecated:  Required parameter $metabox_name follows optional parameter $page_id in /home/mabalgar/public_html/wp-content/plugins/azo-plugin/widgets/class-azo-widget-video-product.php on line 73
[21-Jul-2023 08:07:51 UTC] PHP Deprecated:  Required parameter $comment follows optional parameter $args in /home/mabalgar/public_html/wp-content/themes/azo/modules/woocommerce/single-product/class-product-question.php on line 296
[21-Jul-2023 08:07:51 UTC] PHP Deprecated:  Required parameter $metabox_name follows optional parameter $page_id in /home/mabalgar/public_html/wp-content/themes/azo/inc/woocommerce/content-single-product.php on line 15
[21-Jul-2023 08:07:53 UTC] PHP Deprecated:  Required parameter $metabox_name follows optional parameter $page_id in /home/mabalgar/public_html/wp-content/plugins/azo-plugin/widgets/class-azo-widget-video-product.php on line 73
[21-Jul-2023 08:07:54 UTC] PHP Deprecated:  Required parameter $metabox_name follows optional parameter $page_id in /home/mabalgar/public_html/wp-content/plugins/azo-plugin/widgets/class-azo-widget-video-product.php on line 73
[21-Jul-2023 08:07:54 UTC] PHP Deprecated:  Required parameter $metabox_name follows optional parameter $page_id in /home/mabalgar/public_html/wp-content/plugins/azo-plugin/widgets/class-azo-widget-video-product.php on line 73
[21-Jul-2023 08:07:54 UTC] PHP Deprecated:  Required parameter $metabox_name follows optional parameter $page_id in /home/mabalgar/public_html/wp-content/plugins/azo-plugin/widgets/class-azo-widget-video-product.php on line 73
[21-Jul-2023 08:07:54 UTC] PHP Deprecated:  Required parameter $metabox_name follows optional parameter $page_id in /home/mabalgar/public_html/wp-content/plugins/azo-plugin/widgets/class-azo-widget-video-product.php on line 73
[21-Jul-2023 08:07:54 UTC] PHP Deprecated:  Required parameter $metabox_name follows optional parameter $page_id in /home/mabalgar/public_html/wp-content/plugins/azo-plugin/widgets/class-azo-widget-video-product.php on line 73
[21-Jul-2023 08:07:55 UTC] PHP Deprecated:  Required parameter $metabox_name follows optional parameter $page_id in /home/mabalgar/public_html/wp-content/plugins/azo-plugin/widgets/class-azo-widget-video-product.php on line 73
[21-Jul-2023 08:07:55 UTC] PHP Deprecated:  Required parameter $metabox_name follows optional parameter $page_id in /home/mabalgar/public_html/wp-content/plugins/azo-plugin/widgets/class-azo-widget-video-product.php on line 73
[21-Jul-2023 08:07:55 UTC] PHP Deprecated:  Required parameter $metabox_name follows optional parameter $page_id in /home/mabalgar/public_html/wp-content/plugins/azo-plugin/widgets/class-azo-widget-video-product.php on line 73
[21-Jul-2023 08:07:55 UTC] PHP Deprecated:  Required parameter $metabox_name follows optional parameter $page_id in /home/mabalgar/public_html/wp-content/plugins/azo-plugin/widgets/class-azo-widget-video-product.php on line 73
[21-Jul-2023 08:07:55 UTC] PHP Deprecated:  Required parameter $comment follows optional parameter $args in /home/mabalgar/public_html/wp-content/themes/azo/modules/woocommerce/single-product/class-product-question.php on line 296
[21-Jul-2023 08:07:55 UTC] PHP Deprecated:  Required parameter $metabox_name follows optional parameter $page_id in /home/mabalgar/public_html/wp-content/themes/azo/inc/woocommerce/content-single-product.php on line 15
[21-Jul-2023 08:07:56 UTC] PHP Deprecated:  Required parameter $comment follows optional parameter $args in /home/mabalgar/public_html/wp-content/themes/azo/modules/woocommerce/single-product/class-product-question.php on line 296
[21-Jul-2023 08:07:56 UTC] PHP Deprecated:  Required parameter $metabox_name follows optional parameter $page_id in /home/mabalgar/public_html/wp-content/themes/azo/inc/woocommerce/content-single-product.php on line 15
[21-Jul-2023 08:07:56 UTC] PHP Deprecated:  Required parameter $comment follows optional parameter $args in /home/mabalgar/public_html/wp-content/themes/azo/modules/woocommerce/single-product/class-product-question.php on line 296
[21-Jul-2023 08:07:56 UTC] PHP Deprecated:  Required parameter $metabox_name follows optional parameter $page_id in /home/mabalgar/public_html/wp-content/themes/azo/inc/woocommerce/content-single-product.php on line 15
[21-Jul-2023 08:07:56 UTC] PHP Deprecated:  Required parameter $comment follows optional parameter $args in /home/mabalgar/public_html/wp-content/themes/azo/modules/woocommerce/single-product/class-product-question.php on line 296
[21-Jul-2023 08:07:56 UTC] PHP Deprecated:  Required parameter $metabox_name follows optional parameter $page_id in /home/mabalgar/public_html/wp-content/themes/azo/inc/woocommerce/content-single-product.php on line 15
[21-Jul-2023 08:07:56 UTC] PHP Deprecated:  Required parameter $comment follows optional parameter $args in /home/mabalgar/public_html/wp-content/themes/azo/modules/woocommerce/single-product/class-product-question.php on line 296
[21-Jul-2023 08:07:56 UTC] PHP Deprecated:  Required parameter $metabox_name follows optional parameter $page_id in /home/mabalgar/public_html/wp-content/themes/azo/inc/woocommerce/content-single-product.php on line 15
[21-Jul-2023 08:07:56 UTC] PHP Deprecated:  Required parameter $comment follows optional parameter $args in /home/mabalgar/public_html/wp-content/themes/azo/modules/woocommerce/single-product/class-product-question.php on line 296
[21-Jul-2023 08:07:56 UTC] PHP Deprecated:  Required parameter $comment follows optional parameter $args in /home/mabalgar/public_html/wp-content/themes/azo/modules/woocommerce/single-product/class-product-question.php on line 296
[21-Jul-2023 08:07:56 UTC] PHP Deprecated:  Required parameter $metabox_name follows optional parameter $page_id in /home/mabalgar/public_html/wp-content/themes/azo/inc/woocommerce/content-single-product.php on line 15
[21-Jul-2023 08:07:57 UTC] PHP Deprecated:  Required parameter $metabox_name follows optional parameter $page_id in /home/mabalgar/public_html/wp-content/themes/azo/inc/woocommerce/content-single-product.php on line 15
[21-Jul-2023 08:07:57 UTC] PHP Deprecated:  Required parameter $comment follows optional parameter $args in /home/mabalgar/public_html/wp-content/themes/azo/modules/woocommerce/single-product/class-product-question.php on line 296
[21-Jul-2023 08:07:57 UTC] PHP Deprecated:  Required parameter $comment follows optional parameter $args in /home/mabalgar/public_html/wp-content/themes/azo/modules/woocommerce/single-product/class-product-question.php on line 296
[21-Jul-2023 08:07:57 UTC] PHP Deprecated:  Required parameter $metabox_name follows optional parameter $page_id in /home/mabalgar/public_html/wp-content/themes/azo/inc/woocommerce/content-single-product.php on line 15
[21-Jul-2023 08:07:57 UTC] PHP Deprecated:  Required parameter $metabox_name follows optional parameter $page_id in /home/mabalgar/public_html/wp-content/themes/azo/inc/woocommerce/content-single-product.php on line 15
[21-Jul-2023 08:07:57 UTC] PHP Deprecated:  Required parameter $comment follows optional parameter $args in /home/mabalgar/public_html/wp-content/themes/azo/modules/woocommerce/single-product/class-product-question.php on line 296
[21-Jul-2023 08:07:57 UTC] PHP Deprecated:  Required parameter $metabox_name follows optional parameter $page_id in /home/mabalgar/public_html/wp-content/themes/azo/inc/woocommerce/content-single-product.php on line 15
[21-Jul-2023 08:08:01 UTC] PHP Deprecated:  Required parameter $metabox_name follows optional parameter $page_id in /home/mabalgar/public_html/wp-content/plugins/azo-plugin/widgets/class-azo-widget-video-product.php on line 73
[21-Jul-2023 08:08:01 UTC] PHP Deprecated:  Required parameter $comment follows optional parameter $args in /home/mabalgar/public_html/wp-content/themes/azo/modules/woocommerce/single-product/class-product-question.php on line 296
[21-Jul-2023 08:08:01 UTC] PHP Deprecated:  Required parameter $metabox_name follows optional parameter $page_id in /home/mabalgar/public_html/wp-content/themes/azo/inc/woocommerce/content-single-product.php on line 15
[21-Jul-2023 08:08:09 UTC] PHP Deprecated:  Required parameter $metabox_name follows optional parameter $page_id in /home/mabalgar/public_html/wp-content/plugins/azo-plugin/widgets/class-azo-widget-video-product.php on line 73
[21-Jul-2023 08:08:09 UTC] PHP Deprecated:  Required parameter $comment follows optional parameter $args in /home/mabalgar/public_html/wp-content/themes/azo/modules/woocommerce/single-product/class-product-question.php on line 296
[21-Jul-2023 08:08:09 UTC] PHP Deprecated:  Required parameter $metabox_name follows optional parameter $page_id in /home/mabalgar/public_html/wp-content/themes/azo/inc/woocommerce/content-single-product.php on line 15
[21-Jul-2023 08:08:10 UTC] PHP Deprecated:  Required parameter $metabox_name follows optional parameter $page_id in /home/mabalgar/public_html/wp-content/plugins/azo-plugin/widgets/class-azo-widget-video-product.php on line 73
[21-Jul-2023 08:08:10 UTC] PHP Deprecated:  Required parameter $comment follows optional parameter $args in /home/mabalgar/public_html/wp-content/themes/azo/modules/woocommerce/single-product/class-product-question.php on line 296
[21-Jul-2023 08:08:10 UTC] PHP Deprecated:  Required parameter $metabox_name follows optional parameter $page_id in /home/mabalgar/public_html/wp-content/themes/azo/inc/woocommerce/content-single-product.php on line 15
[21-Jul-2023 08:08:11 UTC] PHP Warning:  Undefined array key "billing_city" in /home/mabalgar/public_html/wp-content/plugins/mabal-sync/mabal-sync.php on line 365
[21-Jul-2023 08:08:11 UTC] PHP Warning:  Undefined array key "billing_postcode" in /home/mabalgar/public_html/wp-content/plugins/mabal-sync/mabal-sync.php on line 366
[21-Jul-2023 08:08:11 UTC] PHP Notice:  Function order_date was called <strong>incorrectly</strong>. Order properties should not be accessed directly. Backtrace: apply_filters('handle_bulk_actions-edit-shop_order'), WP_Hook->apply_filters, WC_Admin_List_Table_Orders->handle_bulk_actions, WC_Order->update_status, WC_Order->save, WC_Order->status_transition, do_action('woocommerce_order_status_completed'), WP_Hook->do_action, WP_Hook->apply_filters, MabalSync->ad_woocommerce_order_status_completed, MabalSync->sendShippingInfo, WC_Abstract_Legacy_Order->__get, wc_doing_it_wrong Please see <a href="https://wordpress.org/documentation/article/debugging-in-wordpress/">Debugging in WordPress</a> for more information. (This message was added in version 3.0.) in /home/mabalgar/public_html/wp-includes/functions.php on line 5865
[21-Jul-2023 08:08:11 UTC] PHP Notice:  Function order_date was called <strong>incorrectly</strong>. Order properties should not be accessed directly. Backtrace: apply_filters('handle_bulk_actions-edit-shop_order'), WP_Hook->apply_filters, WC_Admin_List_Table_Orders->handle_bulk_actions, WC_Order->update_status, WC_Order->save, WC_Order->status_transition, do_action('woocommerce_order_status_completed'), WP_Hook->do_action, WP_Hook->apply_filters, MabalSync->ad_woocommerce_order_status_completed, MabalSync->sendShippingInfo, WC_Abstract_Legacy_Order->__get, wc_doing_it_wrong Please see <a href="https://wordpress.org/documentation/article/debugging-in-wordpress/">Debugging in WordPress</a> for more information. (This message was added in version 3.0.) in /home/mabalgar/public_html/wp-includes/functions.php on line 5865
[21-Jul-2023 08:08:11 UTC] PHP Warning:  Undefined array key "shipping_city" in /home/mabalgar/public_html/wp-content/plugins/mabal-sync/mabal-sync.php on line 393
[21-Jul-2023 08:08:11 UTC] PHP Warning:  Undefined array key "shipping_postcode" in /home/mabalgar/public_html/wp-content/plugins/mabal-sync/mabal-sync.php on line 394
[21-Jul-2023 08:08:11 UTC] shipping details response: {"headers":{},"body":"\ufeff<?xml version=\"1.0\" encoding=\"utf-8\"?><Response xmlns:xsd=\"http:\/\/www.w3.org\/2001\/XMLSchema\" xmlns:xsi=\"http:\/\/www.w3.org\/2001\/XMLSchema-instance\" xmlns=\"http:\/\/schemas.microsoft.com\/sqlserver\/2004\/sqltypes\"><Status>NotFound<\/Status><Details>There is no action in this url<\/Details><\/Response>","response":{"code":200,"message":"OK"},"cookies":[],"filename":null,"http_response":{"data":null,"headers":null,"status":null}}
[21-Jul-2023 08:08:12 UTC] PHP Deprecated:  Required parameter $metabox_name follows optional parameter $page_id in /home/mabalgar/public_html/wp-content/plugins/azo-plugin/widgets/class-azo-widget-video-product.php on line 73
[21-Jul-2023 08:08:12 UTC] PHP Deprecated:  Required parameter $comment follows optional parameter $args in /home/mabalgar/public_html/wp-content/themes/azo/modules/woocommerce/single-product/class-product-question.php on line 296
[21-Jul-2023 08:08:12 UTC] PHP Deprecated:  Required parameter $metabox_name follows optional parameter $page_id in /home/mabalgar/public_html/wp-content/themes/azo/inc/woocommerce/content-single-product.php on line 15
[21-Jul-2023 08:08:14 UTC] PHP Deprecated:  Required parameter $metabox_name follows optional parameter $page_id in /home/mabalgar/public_html/wp-content/plugins/azo-plugin/widgets/class-azo-widget-video-product.php on line 73
[21-Jul-2023 08:08:15 UTC] PHP Deprecated:  Required parameter $metabox_name follows optional parameter $page_id in /home/mabalgar/public_html/wp-content/plugins/azo-plugin/widgets/class-azo-widget-video-product.php on line 73
[21-Jul-2023 08:08:15 UTC] PHP Deprecated:  Required parameter $metabox_name follows optional parameter $page_id in /home/mabalgar/public_html/wp-content/plugins/azo-plugin/widgets/class-azo-widget-video-product.php on line 73
[21-Jul-2023 08:08:15 UTC] PHP Deprecated:  Required parameter $metabox_name follows optional parameter $page_id in /home/mabalgar/public_html/wp-content/plugins/azo-plugin/widgets/class-azo-widget-video-product.php on line 73
[21-Jul-2023 08:08:15 UTC] PHP Deprecated:  Required parameter $metabox_name follows optional parameter $page_id in /home/mabalgar/public_html/wp-content/plugins/azo-plugin/widgets/class-azo-widget-video-product.php on line 73
[21-Jul-2023 08:08:15 UTC] PHP Deprecated:  Required parameter $metabox_name follows optional parameter $page_id in /home/mabalgar/public_html/wp-content/plugins/azo-plugin/widgets/class-azo-widget-video-product.php on line 73
[21-Jul-2023 08:08:15 UTC] PHP Deprecated:  Required parameter $metabox_name follows optional parameter $page_id in /home/mabalgar/public_html/wp-content/plugins/azo-plugin/widgets/class-azo-widget-video-product.php on line 73
[21-Jul-2023 08:08:15 UTC] PHP Deprecated:  Required parameter $metabox_name follows optional parameter $page_id in /home/mabalgar/public_html/wp-content/plugins/azo-plugin/widgets/class-azo-widget-video-product.php on line 73
[21-Jul-2023 08:08:15 UTC] PHP Deprecated:  Required parameter $metabox_name follows optional parameter $page_id in /home/mabalgar/public_html/wp-content/plugins/azo-plugin/widgets/class-azo-widget-video-product.php on line 73
[21-Jul-2023 08:08:15 UTC] PHP Deprecated:  Required parameter $metabox_name follows optional parameter $page_id in /home/mabalgar/public_html/wp-content/plugins/azo-plugin/widgets/class-azo-widget-video-product.php on line 73
[21-Jul-2023 08:08:16 UTC] PHP Deprecated:  Required parameter $comment follows optional parameter $args in /home/mabalgar/public_html/wp-content/themes/azo/modules/woocommerce/single-product/class-product-question.php on line 296
[21-Jul-2023 08:08:16 UTC] PHP Deprecated:  Required parameter $metabox_name follows optional parameter $page_id in /home/mabalgar/public_html/wp-content/themes/azo/inc/woocommerce/content-single-product.php on line 15
[21-Jul-2023 08:08:16 UTC] PHP Deprecated:  Required parameter $comment follows optional parameter $args in /home/mabalgar/public_html/wp-content/themes/azo/modules/woocommerce/single-product/class-product-question.php on line 296
[21-Jul-2023 08:08:16 UTC] PHP Deprecated:  Required parameter $metabox_name follows optional parameter $page_id in /home/mabalgar/public_html/wp-content/themes/azo/inc/woocommerce/content-single-product.php on line 15
[21-Jul-2023 08:08:17 UTC] PHP Deprecated:  Required parameter $comment follows optional parameter $args in /home/mabalgar/public_html/wp-content/themes/azo/modules/woocommerce/single-product/class-product-question.php on line 296
[21-Jul-2023 08:08:17 UTC] PHP Deprecated:  Required parameter $comment follows optional parameter $args in /home/mabalgar/public_html/wp-content/themes/azo/modules/woocommerce/single-product/class-product-question.php on line 296
[21-Jul-2023 08:08:17 UTC] PHP Deprecated:  Required parameter $comment follows optional parameter $args in /home/mabalgar/public_html/wp-content/themes/azo/modules/woocommerce/single-product/class-product-question.php on line 296
[21-Jul-2023 08:08:17 UTC] PHP Deprecated:  Required parameter $metabox_name follows optional parameter $page_id in /home/mabalgar/public_html/wp-content/themes/azo/inc/woocommerce/content-single-product.php on line 15
[21-Jul-2023 08:08:17 UTC] PHP Deprecated:  Required parameter $metabox_name follows optional parameter $page_id in /home/mabalgar/public_html/wp-content/themes/azo/inc/woocommerce/content-single-product.php on line 15
[21-Jul-2023 08:08:17 UTC] PHP Deprecated:  Required parameter $metabox_name follows optional parameter $page_id in /home/mabalgar/public_html/wp-content/themes/azo/inc/woocommerce/content-single-product.php on line 15
[21-Jul-2023 08:08:17 UTC] PHP Deprecated:  Required parameter $comment follows optional parameter $args in /home/mabalgar/public_html/wp-content/themes/azo/modules/woocommerce/single-product/class-product-question.php on line 296
[21-Jul-2023 08:08:17 UTC] PHP Deprecated:  Required parameter $metabox_name follows optional parameter $page_id in /home/mabalgar/public_html/wp-content/themes/azo/inc/woocommerce/content-single-product.php on line 15
[21-Jul-2023 08:08:17 UTC] PHP Deprecated:  Required parameter $comment follows optional parameter $args in /home/mabalgar/public_html/wp-content/themes/azo/modules/woocommerce/single-product/class-product-question.php on line 296
[21-Jul-2023 08:08:17 UTC] PHP Deprecated:  Required parameter $comment follows optional parameter $args in /home/mabalgar/public_html/wp-content/themes/azo/modules/woocommerce/single-product/class-product-question.php on line 296
[21-Jul-2023 08:08:17 UTC] PHP Deprecated:  Required parameter $metabox_name follows optional parameter $page_id in /home/mabalgar/public_html/wp-content/themes/azo/inc/woocommerce/content-single-product.php on line 15
[21-Jul-2023 08:08:17 UTC] PHP Deprecated:  Required parameter $metabox_name follows optional parameter $page_id in /home/mabalgar/public_html/wp-content/themes/azo/inc/woocommerce/content-single-product.php on line 15
[21-Jul-2023 08:08:17 UTC] PHP Deprecated:  Required parameter $comment follows optional parameter $args in /home/mabalgar/public_html/wp-content/themes/azo/modules/woocommerce/single-product/class-product-question.php on line 296
[21-Jul-2023 08:08:17 UTC] PHP Deprecated:  Required parameter $metabox_name follows optional parameter $page_id in /home/mabalgar/public_html/wp-content/themes/azo/inc/woocommerce/content-single-product.php on line 15
[21-Jul-2023 08:08:17 UTC] PHP Deprecated:  Required parameter $comment follows optional parameter $args in /home/mabalgar/public_html/wp-content/themes/azo/modules/woocommerce/single-product/class-product-question.php on line 296
[21-Jul-2023 08:08:17 UTC] PHP Deprecated:  Required parameter $metabox_name follows optional parameter $page_id in /home/mabalgar/public_html/wp-content/themes/azo/inc/woocommerce/content-single-product.php on line 15
[21-Jul-2023 08:08:21 UTC] PHP Deprecated:  Required parameter $metabox_name follows optional parameter $page_id in /home/mabalgar/public_html/wp-content/plugins/azo-plugin/widgets/class-azo-widget-video-product.php on line 73
[21-Jul-2023 08:08:22 UTC] PHP Deprecated:  Required parameter $comment follows optional parameter $args in /home/mabalgar/public_html/wp-content/themes/azo/modules/woocommerce/single-product/class-product-question.php on line 296
[21-Jul-2023 08:08:22 UTC] PHP Deprecated:  Required parameter $metabox_name follows optional parameter $page_id in /home/mabalgar/public_html/wp-content/themes/azo/inc/woocommerce/content-single-product.php on line 15
[21-Jul-2023 08:08:29 UTC] PHP Deprecated:  Required parameter $metabox_name follows optional parameter $page_id in /home/mabalgar/public_html/wp-content/plugins/azo-plugin/widgets/class-azo-widget-video-product.php on line 73
[21-Jul-2023 08:08:30 UTC] PHP Deprecated:  Required parameter $comment follows optional parameter $args in /home/mabalgar/public_html/wp-content/themes/azo/modules/woocommerce/single-product/class-product-question.php on line 296
[21-Jul-2023 08:08:30 UTC] PHP Deprecated:  Required parameter $metabox_name follows optional parameter $page_id in /home/mabalgar/public_html/wp-content/themes/azo/inc/woocommerce/content-single-product.php on line 15
[21-Jul-2023 08:08:44 UTC] PHP Deprecated:  Required parameter $metabox_name follows optional parameter $page_id in /home/mabalgar/public_html/wp-content/plugins/azo-plugin/widgets/class-azo-widget-video-product.php on line 73
[21-Jul-2023 08:08:45 UTC] PHP Deprecated:  Required parameter $comment follows optional parameter $args in /home/mabalgar/public_html/wp-content/themes/azo/modules/woocommerce/single-product/class-product-question.php on line 296
[21-Jul-2023 08:08:45 UTC] PHP Deprecated:  Required parameter $metabox_name follows optional parameter $page_id in /home/mabalgar/public_html/wp-content/themes/azo/inc/woocommerce/content-single-product.php on line 15
[21-Jul-2023 08:08:45 UTC] PHP Deprecated:  Required parameter $metabox_name follows optional parameter $page_id in /home/mabalgar/public_html/wp-content/plugins/azo-plugin/widgets/class-azo-widget-video-product.php on line 73
[21-Jul-2023 08:08:45 UTC] PHP Deprecated:  Required parameter $metabox_name follows optional parameter $page_id in /home/mabalgar/public_html/wp-content/plugins/azo-plugin/widgets/class-azo-widget-video-product.php on line 73
[21-Jul-2023 08:08:46 UTC] PHP Deprecated:  Required parameter $comment follows optional parameter $args in /home/mabalgar/public_html/wp-content/themes/azo/modules/woocommerce/single-product/class-product-question.php on line 296
[21-Jul-2023 08:08:46 UTC] PHP Deprecated:  Required parameter $metabox_name follows optional parameter $page_id in /home/mabalgar/public_html/wp-content/themes/azo/inc/woocommerce/content-single-product.php on line 15
[21-Jul-2023 08:08:46 UTC] PHP Deprecated:  Required parameter $comment follows optional parameter $args in /home/mabalgar/public_html/wp-content/themes/azo/modules/woocommerce/single-product/class-product-question.php on line 296
[21-Jul-2023 08:08:46 UTC] PHP Deprecated:  Required parameter $metabox_name follows optional parameter $page_id in /home/mabalgar/public_html/wp-content/themes/azo/inc/woocommerce/content-single-product.php on line 15
